<?xml version="1.0" encoding="UTF-8"?>
<!-- Generated by org.testng.reporters.JUnitReportReporter -->
<testsuite skipped="0" hostname="Sreenivas" name="DemoClass" tests="1" failures="0" timestamp="24 Oct 2018 13:27:18 GMT" time="56.023" errors="0">
  <testcase name="login" time="56.023" classname="DemoClass"/>
</testsuite> <!-- DemoClass -->
